<?xml version="1.0" encoding="UTF-8"?>
<testsuite name="com.hawks.raspi.RaspiApplicationTests" tests="1" skipped="0" failures="0" errors="0" timestamp="2026-06-07T06:17:09.359Z" hostname="LAPTOP-D6IB921P" time="3.706">
  <properties/>
  <testcase name="contextLoads()" classname="com.hawks.raspi.RaspiApplicationTests" time="0.848"/>
  <system-out><![CDATA[11:47:09.602 [Test worker] INFO org.springframework.test.context.support.AnnotationConfigContextLoaderUtils -- Could not detect default configuration classes for test class [com.hawks.raspi.RaspiApplicationTests]: RaspiApplicationTests does not declare any static, non-private, non-final, nested classes annotated with @Configuration.
11:47:09.716 [Test worker] INFO org.springframework.boot.test.context.SpringBootTestContextBootstrapper -- Found @SpringBootConfiguration com.hawks.raspi.RaspiApplication for test class com.hawks.raspi.RaspiApplicationTests
11:47:09.816 [Test worker] INFO org.springframework.test.context.support.AnnotationConfigContextLoaderUtils -- Could not detect default configuration classes for test class [com.hawks.raspi.RaspiApplicationTests]: RaspiApplicationTests does not declare any static, non-private, non-final, nested classes annotated with @Configuration.
11:47:09.823 [Test worker] INFO org.springframework.boot.test.context.SpringBootTestContextBootstrapper -- Found @SpringBootConfiguration com.hawks.raspi.RaspiApplication for test class com.hawks.raspi.RaspiApplicationTests

  .   ____          _            __ _ _
 /\\ / ___'_ __ _ _(_)_ __  __ _ \ \ \ \
( ( )\___ | '_ | '_| | '_ \/ _` | \ \ \ \
 \\/  ___)| |_)| | | | | || (_| |  ) ) ) )
  '  |____| .__|_| |_|_| |_\__, | / / / /
 =========|_|==============|___/=/_/_/_/

 :: Spring Boot ::                (v4.0.6)

2026-06-07T11:47:10.206+05:30  INFO 7044 --- [Raspi] [    Test worker] com.hawks.raspi.RaspiApplicationTests    : Starting RaspiApplicationTests using Java 17.0.10 with PID 7044 (started by varun in E:\Springboot\Raspi)
2026-06-07T11:47:10.208+05:30  INFO 7044 --- [Raspi] [    Test worker] com.hawks.raspi.RaspiApplicationTests    : No active profile set, falling back to 1 default profile: "default"
[TCP] Server socket closed, shutting down.
2026-06-07T11:47:11.662+05:30  INFO 7044 --- [Raspi] [    Test worker] o.s.b.w.a.WelcomePageHandlerMapping      : Adding welcome page template: index
2026-06-07T11:47:12.196+05:30  INFO 7044 --- [Raspi] [    Test worker] com.hawks.raspi.RaspiApplicationTests    : Started RaspiApplicationTests in 2.297 seconds (process running for 4.015)
]]></system-out>
  <system-err><![CDATA[]]></system-err>
</testsuite>
